<?xml version="1.0" encoding="UTF-8"?>
<testsuite name="com.improving.bootcamp.SimpleControllerTest" tests="1" skipped="0" failures="0" errors="0" timestamp="2019-11-08T21:33:49" hostname="DESKTOP-22HPJ37" time="0.038">
  <properties/>
  <testcase name="home()" classname="com.improving.bootcamp.SimpleControllerTest" time="0.038"/>
  <system-out><![CDATA[]]></system-out>
  <system-err><![CDATA[]]></system-err>
</testsuite>
